{"uuid":"4469ea70-c0b3-4462-8281-f6fbb54ebcfc","historyId":"5c4dc85a28aa656871e303ab88cd8255","labels":[{"name":"suite","value":"tests.AccountSettingsTests"},{"name":"package","value":"tests.AccountSettingsTests"}],"name":"User can change email","status":"broken","statusDetails":{"known":false,"muted":false,"flaky":false,"message":"Expected condition failed: waiting for visibility of Proxy element for: DefaultElementLocator 'By.cssSelector: .notification-list .notification-bar-message' (tried for 20 second(s) with 500 MILLISECONDS interval)","trace":"org.openqa.selenium.TimeoutException: Expected condition failed: waiting for visibility of Proxy element for: DefaultElementLocator 'By.cssSelector: .notification-list .notification-bar-message' (tried for 20 second(s) with 500 MILLISECONDS interval)\n\tat org.openqa.selenium.support.ui.WebDriverWait.timeoutException(WebDriverWait.java:80)\n\tat org.openqa.selenium.support.ui.FluentWait.until(FluentWait.java:232)\n\tat pages.AccountSettingsPage.getSuccessMessage(AccountSettingsPage.java:296)\n\tat pages.AccountSettingsPage.isEmailChanged_aroundBody26(AccountSettingsPage.java:212)\n\tat pages.AccountSettingsPage$AjcClosure27.run(AccountSettingsPage.java:1)\n\tat org.aspectj.runtime.reflect.JoinPointImpl.proceed(JoinPointImpl.java:149)\n\tat io.qameta.allure.aspects.StepsAspects.step(StepsAspects.java:46)\n\tat pages.AccountSettingsPage.isEmailChanged(AccountSettingsPage.java:212)\n\tat tests.AccountSettingsTests.canChangeEmail(AccountSettingsTests.java:72)\n\tat sun.reflect.NativeMethodAccessorImpl.invoke0(Native Method)\n\tat sun.reflect.NativeMethodAccessorImpl.invoke(NativeMethodAccessorImpl.java:62)\n\tat sun.reflect.DelegatingMethodAccessorImpl.invoke(DelegatingMethodAccessorImpl.java:43)\n\tat java.lang.reflect.Method.invoke(Method.java:498)\n\tat org.junit.platform.commons.util.ReflectionUtils.invokeMethod(ReflectionUtils.java:316)\n\tat org.junit.jupiter.engine.execution.ExecutableInvoker.invoke(ExecutableInvoker.java:114)\n\tat org.junit.jupiter.engine.descriptor.MethodTestDescriptor.lambda$invokeTestMethod$6(MethodTestDescriptor.java:171)\n\tat org.junit.jupiter.engine.execution.ThrowableCollector.execute(ThrowableCollector.java:40)\n\tat org.junit.jupiter.engine.descriptor.MethodTestDescriptor.invokeTestMethod(MethodTestDescriptor.java:168)\n\tat org.junit.jupiter.engine.descriptor.MethodTestDescriptor.execute(MethodTestDescriptor.java:115)\n\tat org.junit.jupiter.engine.descriptor.MethodTestDescriptor.execute(MethodTestDescriptor.java:57)\n\tat org.junit.platform.engine.support.hierarchical.HierarchicalTestExecutor.lambda$execute$1(HierarchicalTestExecutor.java:81)\n\tat org.junit.platform.engine.support.hierarchical.SingleTestExecutor.executeSafely(SingleTestExecutor.java:66)\n\tat org.junit.platform.engine.support.hierarchical.HierarchicalTestExecutor.execute(HierarchicalTestExecutor.java:76)\n\tat org.junit.platform.engine.support.hierarchical.HierarchicalTestExecutor.lambda$execute$1(HierarchicalTestExecutor.java:91)\n\tat org.junit.platform.engine.support.hierarchical.SingleTestExecutor.executeSafely(SingleTestExecutor.java:66)\n\tat org.junit.platform.engine.support.hierarchical.HierarchicalTestExecutor.execute(HierarchicalTestExecutor.java:76)\n\tat org.junit.platform.engine.support.hierarchical.HierarchicalTestExecutor.lambda$execute$1(HierarchicalTestExecutor.java:91)\n\tat org.junit.platform.engine.support.hierarchical.SingleTestExecutor.executeSafely(SingleTestExecutor.java:66)\n\tat org.junit.platform.engine.support.hierarchical.HierarchicalTestExecutor.execute(HierarchicalTestExecutor.java:76)\n\tat org.junit.platform.engine.support.hierarchical.HierarchicalTestExecutor.execute(HierarchicalTestExecutor.java:51)\n\tat org.junit.platform.engine.support.hierarchical.HierarchicalTestEngine.execute(HierarchicalTestEngine.java:43)\n\tat org.junit.platform.launcher.core.DefaultLauncher.execute(DefaultLauncher.java:137)\n\tat org.junit.platform.launcher.core.DefaultLauncher.execute(DefaultLauncher.java:87)\n\tat org.junit.platform.launcher.Launcher.execute(Launcher.java:93)\n\tat com.intellij.junit5.JUnit5IdeaTestRunner.startRunnerWithArgs(JUnit5IdeaTestRunner.java:61)\n\tat com.intellij.rt.execution.junit.IdeaTestRunner$Repeater.startRunnerWithArgs(IdeaTestRunner.java:51)\n\tat com.intellij.rt.execution.junit.JUnitStarter.prepareStreamsAndStart(JUnitStarter.java:242)\n\tat com.intellij.rt.execution.junit.JUnitStarter.main(JUnitStarter.java:70)\nCaused by: org.openqa.selenium.NoSuchElementException: no such element: Unable to locate element: {\"method\":\"css selector\",\"selector\":\".notification-list .notification-bar-message\"}\n  (Session info: chrome=64.0.3282.186)\n  (Driver info: chromedriver=2.36.540469 (1881fd7f8641508feb5166b7cae561d87723cfa8),platform=Mac OS X 10.13.3 x86_64) (WARNING: The server did not provide any stacktrace information)\nCommand duration or timeout: 20.02 seconds\nFor documentation on this error, please visit: http://seleniumhq.org/exceptions/no_such_element.html\nBuild info: version: '3.4.0', revision: 'unknown', time: 'unknown'\nSystem info: host: 'MacBook-Pro-Eugeniya.local', ip: 'fe80:0:0:0:11:1118:303a:ffd3%en0', os.name: 'Mac OS X', os.arch: 'x86_64', os.version: '10.13.3', java.version: '1.8.0_131'\nDriver info: org.openqa.selenium.chrome.ChromeDriver\nCapabilities [{applicationCacheEnabled=false, rotatable=false, mobileEmulationEnabled=false, networkConnectionEnabled=false, chrome={chromedriverVersion=2.36.540469 (1881fd7f8641508feb5166b7cae561d87723cfa8), userDataDir=/var/folders/1l/xjl79wc52qsb8csgztshxyy40000gn/T/.org.chromium.Chromium.PpzXjW}, takesHeapSnapshot=true, pageLoadStrategy=normal, databaseEnabled=false, handlesAlerts=true, hasTouchScreen=false, version=64.0.3282.186, platform=MAC, browserConnectionEnabled=false, nativeEvents=true, acceptSslCerts=false, acceptInsecureCerts=false, locationContextEnabled=true, webStorageEnabled=true, browserName=chrome, takesScreenshot=true, javascriptEnabled=true, cssSelectorsEnabled=true, setWindowRect=true, unexpectedAlertBehaviour=}]\nSession ID: 2e6b4c2b0c54feaf1d20db80e2daf4c9\n*** Element info: {Using=css selector, value=.notification-list .notification-bar-message}\n\tat sun.reflect.NativeConstructorAccessorImpl.newInstance0(Native Method)\n\tat sun.reflect.NativeConstructorAccessorImpl.newInstance(NativeConstructorAccessorImpl.java:62)\n\tat sun.reflect.DelegatingConstructorAccessorImpl.newInstance(DelegatingConstructorAccessorImpl.java:45)\n\tat java.lang.reflect.Constructor.newInstance(Constructor.java:423)\n\tat org.openqa.selenium.remote.ErrorHandler.createThrowable(ErrorHandler.java:215)\n\tat org.openqa.selenium.remote.ErrorHandler.throwIfResponseFailed(ErrorHandler.java:167)\n\tat org.openqa.selenium.remote.RemoteWebDriver.execute(RemoteWebDriver.java:671)\n\tat org.openqa.selenium.remote.RemoteWebDriver.findElement(RemoteWebDriver.java:410)\n\tat org.openqa.selenium.remote.RemoteWebDriver.findElementByCssSelector(RemoteWebDriver.java:501)\n\tat org.openqa.selenium.By$ByCssSelector.findElement(By.java:430)\n\tat org.openqa.selenium.remote.RemoteWebDriver.findElement(RemoteWebDriver.java:402)\n\tat org.openqa.selenium.support.pagefactory.DefaultElementLocator.findElement(DefaultElementLocator.java:69)\n\tat org.openqa.selenium.support.pagefactory.internal.LocatingElementHandler.invoke(LocatingElementHandler.java:38)\n\tat com.sun.proxy.$Proxy17.isDisplayed(Unknown Source)\n\tat org.openqa.selenium.support.ui.ExpectedConditions.elementIfVisible(ExpectedConditions.java:302)\n\tat org.openqa.selenium.support.ui.ExpectedConditions.access$100(ExpectedConditions.java:44)\n\tat org.openqa.selenium.support.ui.ExpectedConditions$10.apply(ExpectedConditions.java:288)\n\tat org.openqa.selenium.support.ui.ExpectedConditions$10.apply(ExpectedConditions.java:285)\n\tat org.openqa.selenium.support.ui.FluentWait.until(FluentWait.java:209)\n\t... 36 more\n"},"stage":"finished","start":1520668486595,"stop":1520668713278,"steps":[{"name":"Open Account Settings page","status":"passed","stage":"finished","start":1520668486612,"stop":1520668489690},{"name":"Enter new email (6BHqU4iAuE@mail.com)","status":"passed","stage":"finished","start":1520668540256,"stop":1520668553795,"parameters":[{"name":"changedEmail","value":"6BHqU4iAuE@mail.com"}]},{"name":"Enter confirm email 6BHqU4iAuE@mail.com","status":"passed","stage":"finished","start":1520668574008,"stop":1520668638534,"parameters":[{"name":"confirmEmail","value":"6BHqU4iAuE@mail.com"}]},{"name":"Click 'Save' button","status":"passed","stage":"finished","start":1520668658745,"stop":1520668666934},{"name":"Verify that email is changed to 6BHqU4iAuE@mail.com","status":"broken","statusDetails":{"known":false,"muted":false,"flaky":false,"message":"Expected condition failed: waiting for visibility of Proxy element for: DefaultElementLocator 'By.cssSelector: .notification-list .notification-bar-message' (tried for 20 second(s) with 500 MILLISECONDS interval)","trace":"org.openqa.selenium.TimeoutException: Expected condition failed: waiting for visibility of Proxy element for: DefaultElementLocator 'By.cssSelector: .notification-list .notification-bar-message' (tried for 20 second(s) with 500 MILLISECONDS interval)\n\tat org.openqa.selenium.support.ui.WebDriverWait.timeoutException(WebDriverWait.java:80)\n\tat org.openqa.selenium.support.ui.FluentWait.until(FluentWait.java:232)\n\tat pages.AccountSettingsPage.getSuccessMessage(AccountSettingsPage.java:296)\n\tat pages.AccountSettingsPage.isEmailChanged_aroundBody26(AccountSettingsPage.java:212)\n\tat pages.AccountSettingsPage$AjcClosure27.run(AccountSettingsPage.java:1)\n\tat org.aspectj.runtime.reflect.JoinPointImpl.proceed(JoinPointImpl.java:149)\n\tat io.qameta.allure.aspects.StepsAspects.step(StepsAspects.java:46)\n\tat pages.AccountSettingsPage.isEmailChanged(AccountSettingsPage.java:212)\n\tat tests.AccountSettingsTests.canChangeEmail(AccountSettingsTests.java:72)\n\tat sun.reflect.NativeMethodAccessorImpl.invoke0(Native Method)\n\tat sun.reflect.NativeMethodAccessorImpl.invoke(NativeMethodAccessorImpl.java:62)\n\tat sun.reflect.DelegatingMethodAccessorImpl.invoke(DelegatingMethodAccessorImpl.java:43)\n\tat java.lang.reflect.Method.invoke(Method.java:498)\n\tat org.junit.platform.commons.util.ReflectionUtils.invokeMethod(ReflectionUtils.java:316)\n\tat org.junit.jupiter.engine.execution.ExecutableInvoker.invoke(ExecutableInvoker.java:114)\n\tat org.junit.jupiter.engine.descriptor.MethodTestDescriptor.lambda$invokeTestMethod$6(MethodTestDescriptor.java:171)\n\tat org.junit.jupiter.engine.execution.ThrowableCollector.execute(ThrowableCollector.java:40)\n\tat org.junit.jupiter.engine.descriptor.MethodTestDescriptor.invokeTestMethod(MethodTestDescriptor.java:168)\n\tat org.junit.jupiter.engine.descriptor.MethodTestDescriptor.execute(MethodTestDescriptor.java:115)\n\tat org.junit.jupiter.engine.descriptor.MethodTestDescriptor.execute(MethodTestDescriptor.java:57)\n\tat org.junit.platform.engine.support.hierarchical.HierarchicalTestExecutor.lambda$execute$1(HierarchicalTestExecutor.java:81)\n\tat org.junit.platform.engine.support.hierarchical.SingleTestExecutor.executeSafely(SingleTestExecutor.java:66)\n\tat org.junit.platform.engine.support.hierarchical.HierarchicalTestExecutor.execute(HierarchicalTestExecutor.java:76)\n\tat org.junit.platform.engine.support.hierarchical.HierarchicalTestExecutor.lambda$execute$1(HierarchicalTestExecutor.java:91)\n\tat org.junit.platform.engine.support.hierarchical.SingleTestExecutor.executeSafely(SingleTestExecutor.java:66)\n\tat org.junit.platform.engine.support.hierarchical.HierarchicalTestExecutor.execute(HierarchicalTestExecutor.java:76)\n\tat org.junit.platform.engine.support.hierarchical.HierarchicalTestExecutor.lambda$execute$1(HierarchicalTestExecutor.java:91)\n\tat org.junit.platform.engine.support.hierarchical.SingleTestExecutor.executeSafely(SingleTestExecutor.java:66)\n\tat org.junit.platform.engine.support.hierarchical.HierarchicalTestExecutor.execute(HierarchicalTestExecutor.java:76)\n\tat org.junit.platform.engine.support.hierarchical.HierarchicalTestExecutor.execute(HierarchicalTestExecutor.java:51)\n\tat org.junit.platform.engine.support.hierarchical.HierarchicalTestEngine.execute(HierarchicalTestEngine.java:43)\n\tat org.junit.platform.launcher.core.DefaultLauncher.execute(DefaultLauncher.java:137)\n\tat org.junit.platform.launcher.core.DefaultLauncher.execute(DefaultLauncher.java:87)\n\tat org.junit.platform.launcher.Launcher.execute(Launcher.java:93)\n\tat com.intellij.junit5.JUnit5IdeaTestRunner.startRunnerWithArgs(JUnit5IdeaTestRunner.java:61)\n\tat com.intellij.rt.execution.junit.IdeaTestRunner$Repeater.startRunnerWithArgs(IdeaTestRunner.java:51)\n\tat com.intellij.rt.execution.junit.JUnitStarter.prepareStreamsAndStart(JUnitStarter.java:242)\n\tat com.intellij.rt.execution.junit.JUnitStarter.main(JUnitStarter.java:70)\nCaused by: org.openqa.selenium.NoSuchElementException: no such element: Unable to locate element: {\"method\":\"css selector\",\"selector\":\".notification-list .notification-bar-message\"}\n  (Session info: chrome=64.0.3282.186)\n  (Driver info: chromedriver=2.36.540469 (1881fd7f8641508feb5166b7cae561d87723cfa8),platform=Mac OS X 10.13.3 x86_64) (WARNING: The server did not provide any stacktrace information)\nCommand duration or timeout: 20.02 seconds\nFor documentation on this error, please visit: http://seleniumhq.org/exceptions/no_such_element.html\nBuild info: version: '3.4.0', revision: 'unknown', time: 'unknown'\nSystem info: host: 'MacBook-Pro-Eugeniya.local', ip: 'fe80:0:0:0:11:1118:303a:ffd3%en0', os.name: 'Mac OS X', os.arch: 'x86_64', os.version: '10.13.3', java.version: '1.8.0_131'\nDriver info: org.openqa.selenium.chrome.ChromeDriver\nCapabilities [{applicationCacheEnabled=false, rotatable=false, mobileEmulationEnabled=false, networkConnectionEnabled=false, chrome={chromedriverVersion=2.36.540469 (1881fd7f8641508feb5166b7cae561d87723cfa8), userDataDir=/var/folders/1l/xjl79wc52qsb8csgztshxyy40000gn/T/.org.chromium.Chromium.PpzXjW}, takesHeapSnapshot=true, pageLoadStrategy=normal, databaseEnabled=false, handlesAlerts=true, hasTouchScreen=false, version=64.0.3282.186, platform=MAC, browserConnectionEnabled=false, nativeEvents=true, acceptSslCerts=false, acceptInsecureCerts=false, locationContextEnabled=true, webStorageEnabled=true, browserName=chrome, takesScreenshot=true, javascriptEnabled=true, cssSelectorsEnabled=true, setWindowRect=true, unexpectedAlertBehaviour=}]\nSession ID: 2e6b4c2b0c54feaf1d20db80e2daf4c9\n*** Element info: {Using=css selector, value=.notification-list .notification-bar-message}\n\tat sun.reflect.NativeConstructorAccessorImpl.newInstance0(Native Method)\n\tat sun.reflect.NativeConstructorAccessorImpl.newInstance(NativeConstructorAccessorImpl.java:62)\n\tat sun.reflect.DelegatingConstructorAccessorImpl.newInstance(DelegatingConstructorAccessorImpl.java:45)\n\tat java.lang.reflect.Constructor.newInstance(Constructor.java:423)\n\tat org.openqa.selenium.remote.ErrorHandler.createThrowable(ErrorHandler.java:215)\n\tat org.openqa.selenium.remote.ErrorHandler.throwIfResponseFailed(ErrorHandler.java:167)\n\tat org.openqa.selenium.remote.RemoteWebDriver.execute(RemoteWebDriver.java:671)\n\tat org.openqa.selenium.remote.RemoteWebDriver.findElement(RemoteWebDriver.java:410)\n\tat org.openqa.selenium.remote.RemoteWebDriver.findElementByCssSelector(RemoteWebDriver.java:501)\n\tat org.openqa.selenium.By$ByCssSelector.findElement(By.java:430)\n\tat org.openqa.selenium.remote.RemoteWebDriver.findElement(RemoteWebDriver.java:402)\n\tat org.openqa.selenium.support.pagefactory.DefaultElementLocator.findElement(DefaultElementLocator.java:69)\n\tat org.openqa.selenium.support.pagefactory.internal.LocatingElementHandler.invoke(LocatingElementHandler.java:38)\n\tat com.sun.proxy.$Proxy17.isDisplayed(Unknown Source)\n\tat org.openqa.selenium.support.ui.ExpectedConditions.elementIfVisible(ExpectedConditions.java:302)\n\tat org.openqa.selenium.support.ui.ExpectedConditions.access$100(ExpectedConditions.java:44)\n\tat org.openqa.selenium.support.ui.ExpectedConditions$10.apply(ExpectedConditions.java:288)\n\tat org.openqa.selenium.support.ui.ExpectedConditions$10.apply(ExpectedConditions.java:285)\n\tat org.openqa.selenium.support.ui.FluentWait.until(FluentWait.java:209)\n\t... 36 more\n"},"stage":"finished","start":1520668673150,"stop":1520668713239,"parameters":[{"name":"changedEmail","value":"6BHqU4iAuE@mail.com"}]}]}