{"uuid":"64c07274-e937-4876-8137-921a4c177978","historyId":"e1adebe14658ad23f95d0c89e1197baa","labels":[{"name":"suite","value":"tests.SignUpTests"},{"name":"package","value":"tests.SignUpTests"},{"name":"feature","value":"Sign Up"},{"name":"severity","value":"critical"}],"links":[],"name":"User can sign up","status":"broken","statusDetails":{"known":false,"muted":false,"flaky":false,"message":"Returned value cannot be converted to WebElement: {message=no such element: Unable to locate element: {\"method\":\"css selector\",\"selector\":\"div.msglist-message\"}\n  (Session info: chrome=66.0.3359.158)\n  (Driver info: chromedriver=2.38.552518 (183d19265345f54ce39cbb94cf81ba5f15905011),platform=Mac OS X 10.13.5 x86_64)}\nBuild info: version: '3.12.0', revision: '7c6e0b3', time: '2018-05-08T14:04:26.12Z'\nSystem info: host: 'MBP-Eugeniya.lan', ip: 'fe80:0:0:0:1497:42c3:5ae5:a0df%en0', os.name: 'Mac OS X', os.arch: 'x86_64', os.version: '10.13.5', java.version: '1.8.0_131'\nDriver info: driver.version: AndroidDriver","trace":"org.openqa.selenium.WebDriverException: Returned value cannot be converted to WebElement: {message=no such element: Unable to locate element: {\"method\":\"css selector\",\"selector\":\"div.msglist-message\"}\n  (Session info: chrome=66.0.3359.158)\n  (Driver info: chromedriver=2.38.552518 (183d19265345f54ce39cbb94cf81ba5f15905011),platform=Mac OS X 10.13.5 x86_64)}\nBuild info: version: '3.12.0', revision: '7c6e0b3', time: '2018-05-08T14:04:26.12Z'\nSystem info: host: 'MBP-Eugeniya.lan', ip: 'fe80:0:0:0:1497:42c3:5ae5:a0df%en0', os.name: 'Mac OS X', os.arch: 'x86_64', os.version: '10.13.5', java.version: '1.8.0_131'\nDriver info: driver.version: AndroidDriver\n\tat org.openqa.selenium.remote.RemoteWebDriver.findElement(RemoteWebDriver.java:324)\n\tat io.appium.java_client.DefaultGenericMobileDriver.findElement(DefaultGenericMobileDriver.java:62)\n\tat io.appium.java_client.AppiumDriver.findElement(AppiumDriver.java:1)\n\tat io.appium.java_client.android.AndroidDriver.findElement(AndroidDriver.java:1)\n\tat org.openqa.selenium.remote.RemoteWebDriver.findElementByCssSelector(RemoteWebDriver.java:411)\n\tat io.appium.java_client.DefaultGenericMobileDriver.findElementByCssSelector(DefaultGenericMobileDriver.java:139)\n\tat io.appium.java_client.AppiumDriver.findElementByCssSelector(AppiumDriver.java:1)\n\tat io.appium.java_client.android.AndroidDriver.findElementByCssSelector(AndroidDriver.java:1)\n\tat org.openqa.selenium.By$ByCssSelector.findElement(By.java:431)\n\tat org.openqa.selenium.remote.RemoteWebDriver.findElement(RemoteWebDriver.java:309)\n\tat io.appium.java_client.DefaultGenericMobileDriver.findElement(DefaultGenericMobileDriver.java:58)\n\tat io.appium.java_client.AppiumDriver.findElement(AppiumDriver.java:1)\n\tat io.appium.java_client.android.AndroidDriver.findElement(AndroidDriver.java:1)\n\tat org.openqa.selenium.support.pagefactory.DefaultElementLocator.findElement(DefaultElementLocator.java:69)\n\tat org.openqa.selenium.support.pagefactory.internal.LocatingElementHandler.invoke(LocatingElementHandler.java:38)\n\tat com.sun.proxy.$Proxy54.click(Unknown Source)\n\tat infrastructure.MailHog.openMail(MailHog.java:72)\n\tat infrastructure.MailHog.followLinkToSignIn(MailHog.java:43)\n\tat tests.SignUpTests.canSignUp(SignUpTests.java:52)\n\tat sun.reflect.NativeMethodAccessorImpl.invoke0(Native Method)\n\tat sun.reflect.NativeMethodAccessorImpl.invoke(NativeMethodAccessorImpl.java:62)\n\tat sun.reflect.DelegatingMethodAccessorImpl.invoke(DelegatingMethodAccessorImpl.java:43)\n\tat java.lang.reflect.Method.invoke(Method.java:498)\n\tat org.junit.platform.commons.util.ReflectionUtils.invokeMethod(ReflectionUtils.java:513)\n\tat org.junit.jupiter.engine.execution.ExecutableInvoker.invoke(ExecutableInvoker.java:115)\n\tat org.junit.jupiter.engine.descriptor.TestMethodTestDescriptor.lambda$invokeTestMethod$6(TestMethodTestDescriptor.java:170)\n\tat org.junit.jupiter.engine.execution.ThrowableCollector.execute(ThrowableCollector.java:40)\n\tat org.junit.jupiter.engine.descriptor.TestMethodTestDescriptor.invokeTestMethod(TestMethodTestDescriptor.java:166)\n\tat org.junit.jupiter.engine.descriptor.TestMethodTestDescriptor.execute(TestMethodTestDescriptor.java:113)\n\tat org.junit.jupiter.engine.descriptor.TestMethodTestDescriptor.execute(TestMethodTestDescriptor.java:58)\n\tat org.junit.platform.engine.support.hierarchical.HierarchicalTestExecutor$NodeExecutor.lambda$executeRecursively$3(HierarchicalTestExecutor.java:113)\n\tat org.junit.platform.engine.support.hierarchical.SingleTestExecutor.executeSafely(SingleTestExecutor.java:66)\n\tat org.junit.platform.engine.support.hierarchical.HierarchicalTestExecutor$NodeExecutor.executeRecursively(HierarchicalTestExecutor.java:108)\n\tat org.junit.platform.engine.support.hierarchical.HierarchicalTestExecutor$NodeExecutor.execute(HierarchicalTestExecutor.java:79)\n\tat org.junit.platform.engine.support.hierarchical.HierarchicalTestExecutor$NodeExecutor.lambda$executeRecursively$2(HierarchicalTestExecutor.java:121)\n\tat java.util.stream.ForEachOps$ForEachOp$OfRef.accept(ForEachOps.java:184)\n\tat java.util.stream.ReferencePipeline$2$1.accept(ReferencePipeline.java:175)\n\tat java.util.Iterator.forEachRemaining(Iterator.java:116)\n\tat java.util.Spliterators$IteratorSpliterator.forEachRemaining(Spliterators.java:1801)\n\tat java.util.stream.AbstractPipeline.copyInto(AbstractPipeline.java:481)\n\tat java.util.stream.AbstractPipeline.wrapAndCopyInto(AbstractPipeline.java:471)\n\tat java.util.stream.ForEachOps$ForEachOp.evaluateSequential(ForEachOps.java:151)\n\tat java.util.stream.ForEachOps$ForEachOp$OfRef.evaluateSequential(ForEachOps.java:174)\n\tat java.util.stream.AbstractPipeline.evaluate(AbstractPipeline.java:234)\n\tat java.util.stream.ReferencePipeline.forEach(ReferencePipeline.java:418)\n\tat org.junit.platform.engine.support.hierarchical.HierarchicalTestExecutor$NodeExecutor.lambda$executeRecursively$3(HierarchicalTestExecutor.java:121)\n\tat org.junit.platform.engine.support.hierarchical.SingleTestExecutor.executeSafely(SingleTestExecutor.java:66)\n\tat org.junit.platform.engine.support.hierarchical.HierarchicalTestExecutor$NodeExecutor.executeRecursively(HierarchicalTestExecutor.java:108)\n\tat org.junit.platform.engine.support.hierarchical.HierarchicalTestExecutor$NodeExecutor.execute(HierarchicalTestExecutor.java:79)\n\tat org.junit.platform.engine.support.hierarchical.HierarchicalTestExecutor$NodeExecutor.lambda$executeRecursively$2(HierarchicalTestExecutor.java:121)\n\tat java.util.stream.ForEachOps$ForEachOp$OfRef.accept(ForEachOps.java:184)\n\tat java.util.stream.ReferencePipeline$2$1.accept(ReferencePipeline.java:175)\n\tat java.util.Iterator.forEachRemaining(Iterator.java:116)\n\tat java.util.Spliterators$IteratorSpliterator.forEachRemaining(Spliterators.java:1801)\n\tat java.util.stream.AbstractPipeline.copyInto(AbstractPipeline.java:481)\n\tat java.util.stream.AbstractPipeline.wrapAndCopyInto(AbstractPipeline.java:471)\n\tat java.util.stream.ForEachOps$ForEachOp.evaluateSequential(ForEachOps.java:151)\n\tat java.util.stream.ForEachOps$ForEachOp$OfRef.evaluateSequential(ForEachOps.java:174)\n\tat java.util.stream.AbstractPipeline.evaluate(AbstractPipeline.java:234)\n\tat java.util.stream.ReferencePipeline.forEach(ReferencePipeline.java:418)\n\tat org.junit.platform.engine.support.hierarchical.HierarchicalTestExecutor$NodeExecutor.lambda$executeRecursively$3(HierarchicalTestExecutor.java:121)\n\tat org.junit.platform.engine.support.hierarchical.SingleTestExecutor.executeSafely(SingleTestExecutor.java:66)\n\tat org.junit.platform.engine.support.hierarchical.HierarchicalTestExecutor$NodeExecutor.executeRecursively(HierarchicalTestExecutor.java:108)\n\tat org.junit.platform.engine.support.hierarchical.HierarchicalTestExecutor$NodeExecutor.execute(HierarchicalTestExecutor.java:79)\n\tat org.junit.platform.engine.support.hierarchical.HierarchicalTestExecutor.execute(HierarchicalTestExecutor.java:55)\n\tat org.junit.platform.engine.support.hierarchical.HierarchicalTestEngine.execute(HierarchicalTestEngine.java:43)\n\tat org.junit.platform.launcher.core.DefaultLauncher.execute(DefaultLauncher.java:170)\n\tat org.junit.platform.launcher.core.DefaultLauncher.execute(DefaultLauncher.java:154)\n\tat org.junit.platform.launcher.core.DefaultLauncher.execute(DefaultLauncher.java:90)\n\tat org.junit.platform.surefire.provider.JUnitPlatformProvider.invokeAllTests(JUnitPlatformProvider.java:132)\n\tat org.junit.platform.surefire.provider.JUnitPlatformProvider.invoke(JUnitPlatformProvider.java:111)\n\tat sun.reflect.NativeMethodAccessorImpl.invoke0(Native Method)\n\tat sun.reflect.NativeMethodAccessorImpl.invoke(NativeMethodAccessorImpl.java:62)\n\tat sun.reflect.DelegatingMethodAccessorImpl.invoke(DelegatingMethodAccessorImpl.java:43)\n\tat java.lang.reflect.Method.invoke(Method.java:498)\n\tat org.apache.maven.surefire.util.ReflectionUtils.invokeMethodWithArray2(ReflectionUtils.java:206)\n\tat org.apache.maven.surefire.booter.ProviderFactory$ProviderProxy.invoke(ProviderFactory.java:160)\n\tat org.apache.maven.surefire.booter.ProviderFactory.invokeProvider(ProviderFactory.java:83)\n\tat org.apache.maven.plugin.surefire.InPluginVMSurefireStarter.runSuitesInProcess(InPluginVMSurefireStarter.java:87)\n\tat org.apache.maven.plugin.surefire.AbstractSurefireMojo.executeProvider(AbstractSurefireMojo.java:1132)\n\tat org.apache.maven.plugin.surefire.AbstractSurefireMojo.executeAfterPreconditionsChecked(AbstractSurefireMojo.java:978)\n\tat org.apache.maven.plugin.surefire.AbstractSurefireMojo.execute(AbstractSurefireMojo.java:854)\n\tat org.apache.maven.plugin.DefaultBuildPluginManager.executeMojo(DefaultBuildPluginManager.java:134)\n\tat org.apache.maven.lifecycle.internal.MojoExecutor.execute(MojoExecutor.java:207)\n\tat org.apache.maven.lifecycle.internal.MojoExecutor.execute(MojoExecutor.java:153)\n\tat org.apache.maven.lifecycle.internal.MojoExecutor.execute(MojoExecutor.java:145)\n\tat org.apache.maven.lifecycle.internal.LifecycleModuleBuilder.buildProject(LifecycleModuleBuilder.java:116)\n\tat org.apache.maven.lifecycle.internal.LifecycleModuleBuilder.buildProject(LifecycleModuleBuilder.java:80)\n\tat org.apache.maven.lifecycle.internal.builder.singlethreaded.SingleThreadedBuilder.build(SingleThreadedBuilder.java:51)\n\tat org.apache.maven.lifecycle.internal.LifecycleStarter.execute(LifecycleStarter.java:128)\n\tat org.apache.maven.DefaultMaven.doExecute(DefaultMaven.java:307)\n\tat org.apache.maven.DefaultMaven.doExecute(DefaultMaven.java:193)\n\tat org.apache.maven.DefaultMaven.execute(DefaultMaven.java:106)\n\tat org.apache.maven.cli.MavenCli.execute(MavenCli.java:863)\n\tat org.apache.maven.cli.MavenCli.doMain(MavenCli.java:288)\n\tat org.apache.maven.cli.MavenCli.main(MavenCli.java:199)\n\tat sun.reflect.NativeMethodAccessorImpl.invoke0(Native Method)\n\tat sun.reflect.NativeMethodAccessorImpl.invoke(NativeMethodAccessorImpl.java:62)\n\tat sun.reflect.DelegatingMethodAccessorImpl.invoke(DelegatingMethodAccessorImpl.java:43)\n\tat java.lang.reflect.Method.invoke(Method.java:498)\n\tat org.codehaus.plexus.classworlds.launcher.Launcher.launchEnhanced(Launcher.java:289)\n\tat org.codehaus.plexus.classworlds.launcher.Launcher.launch(Launcher.java:229)\n\tat org.codehaus.plexus.classworlds.launcher.Launcher.mainWithExitCode(Launcher.java:415)\n\tat org.codehaus.plexus.classworlds.launcher.Launcher.main(Launcher.java:356)\n\tat org.codehaus.classworlds.Launcher.main(Launcher.java:47)\n\tSuppressed: org.openqa.selenium.WebDriverException: Returned value cannot be converted to WebElement: {message=no such element: Unable to locate element: {\"method\":\"css selector\",\"selector\":\"button.btn-danger:nth-of-type(2)\"}\n  (Session info: chrome=66.0.3359.158)\n  (Driver info: chromedriver=2.38.552518 (183d19265345f54ce39cbb94cf81ba5f15905011),platform=Mac OS X 10.13.5 x86_64)}\nBuild info: version: '3.12.0', revision: '7c6e0b3', time: '2018-05-08T14:04:26.12Z'\nSystem info: host: 'MBP-Eugeniya.lan', ip: 'fe80:0:0:0:1497:42c3:5ae5:a0df%en0', os.name: 'Mac OS X', os.arch: 'x86_64', os.version: '10.13.5', java.version: '1.8.0_131'\nDriver info: driver.version: AndroidDriver\n\t\tat org.openqa.selenium.remote.RemoteWebDriver.findElement(RemoteWebDriver.java:324)\n\t\tat io.appium.java_client.DefaultGenericMobileDriver.findElement(DefaultGenericMobileDriver.java:62)\n\t\tat io.appium.java_client.AppiumDriver.findElement(AppiumDriver.java:1)\n\t\tat io.appium.java_client.android.AndroidDriver.findElement(AndroidDriver.java:1)\n\t\tat org.openqa.selenium.remote.RemoteWebDriver.findElementByCssSelector(RemoteWebDriver.java:411)\n\t\tat io.appium.java_client.DefaultGenericMobileDriver.findElementByCssSelector(DefaultGenericMobileDriver.java:139)\n\t\tat io.appium.java_client.AppiumDriver.findElementByCssSelector(AppiumDriver.java:1)\n\t\tat io.appium.java_client.android.AndroidDriver.findElementByCssSelector(AndroidDriver.java:1)\n\t\tat org.openqa.selenium.By$ByCssSelector.findElement(By.java:431)\n\t\tat org.openqa.selenium.remote.RemoteWebDriver.findElement(RemoteWebDriver.java:309)\n\t\tat io.appium.java_client.DefaultGenericMobileDriver.findElement(DefaultGenericMobileDriver.java:58)\n\t\tat io.appium.java_client.AppiumDriver.findElement(AppiumDriver.java:1)\n\t\tat io.appium.java_client.android.AndroidDriver.findElement(AndroidDriver.java:1)\n\t\tat org.openqa.selenium.support.pagefactory.DefaultElementLocator.findElement(DefaultElementLocator.java:69)\n\t\tat org.openqa.selenium.support.pagefactory.internal.LocatingElementHandler.invoke(LocatingElementHandler.java:38)\n\t\tat com.sun.proxy.$Proxy54.isDisplayed(Unknown Source)\n\t\tat org.openqa.selenium.support.ui.ExpectedConditions.elementIfVisible(ExpectedConditions.java:315)\n\t\tat org.openqa.selenium.support.ui.ExpectedConditions.access$100(ExpectedConditions.java:44)\n\t\tat org.openqa.selenium.support.ui.ExpectedConditions$10.apply(ExpectedConditions.java:301)\n\t\tat org.openqa.selenium.support.ui.ExpectedConditions$10.apply(ExpectedConditions.java:298)\n\t\tat org.openqa.selenium.support.ui.FluentWait.until(FluentWait.java:248)\n\t\tat pages.AccountSettingsPage.deleteAccount(AccountSettingsPage.java:191)\n\t\tat pages.SignPage.cleanUp(SignPage.java:51)\n\t\tat tests.SignUpTests.afterTestCleanUp(SignUpTests.java:60)\n\t\tat sun.reflect.NativeMethodAccessorImpl.invoke0(Native Method)\n\t\tat sun.reflect.NativeMethodAccessorImpl.invoke(NativeMethodAccessorImpl.java:62)\n\t\tat sun.reflect.DelegatingMethodAccessorImpl.invoke(DelegatingMethodAccessorImpl.java:43)\n\t\tat java.lang.reflect.Method.invoke(Method.java:498)\n\t\tat org.junit.platform.commons.util.ReflectionUtils.invokeMethod(ReflectionUtils.java:513)\n\t\tat org.junit.jupiter.engine.execution.ExecutableInvoker.invoke(ExecutableInvoker.java:115)\n\t\tat org.junit.jupiter.engine.descriptor.ClassTestDescriptor.invokeMethodInExtensionContext(ClassTestDescriptor.java:302)\n\t\tat org.junit.jupiter.engine.descriptor.ClassTestDescriptor.lambda$synthesizeAfterEachMethodAdapter$13(ClassTestDescriptor.java:294)\n\t\tat org.junit.jupiter.engine.descriptor.TestMethodTestDescriptor.lambda$invokeAfterEachMethods$9(TestMethodTestDescriptor.java:211)\n\t\tat org.junit.jupiter.engine.execution.ThrowableCollector.execute(ThrowableCollector.java:40)\n\t\tat org.junit.jupiter.engine.descriptor.TestMethodTestDescriptor.lambda$invokeAllAfterMethodsOrCallbacks$13(TestMethodTestDescriptor.java:229)\n\t\tat java.util.ArrayList.forEach(ArrayList.java:1249)\n\t\tat org.junit.jupiter.engine.descriptor.TestMethodTestDescriptor.invokeAllAfterMethodsOrCallbacks(TestMethodTestDescriptor.java:227)\n\t\tat org.junit.jupiter.engine.descriptor.TestMethodTestDescriptor.invokeAfterEachMethods(TestMethodTestDescriptor.java:210)\n\t\tat org.junit.jupiter.engine.descriptor.TestMethodTestDescriptor.execute(TestMethodTestDescriptor.java:117)\n\t\t... 76 more\n\tCaused by: java.lang.ClassCastException: com.google.common.collect.Maps$TransformedEntriesMap cannot be cast to org.openqa.selenium.WebElement\n\t\tat org.openqa.selenium.remote.RemoteWebDriver.findElement(RemoteWebDriver.java:322)\n\t\t... 114 more\nCaused by: java.lang.ClassCastException: com.google.common.collect.Maps$TransformedEntriesMap cannot be cast to org.openqa.selenium.WebElement\n\tat org.openqa.selenium.remote.RemoteWebDriver.findElement(RemoteWebDriver.java:322)\n\t... 104 more\n"},"stage":"finished","start":1529482388677,"stop":1529482399479}