{"uuid":"7dab0230-6848-445c-9db8-01cf98949b49","historyId":"f0969b89c2a133f0844c23798df443bc","labels":[{"name":"suite","value":"tests.AccountSettingsTests"},{"name":"package","value":"tests.AccountSettingsTests"},{"name":"severity","value":"critical"}],"links":[],"name":"User can edit 'Internet Presence' form","status":"failed","statusDetails":{"known":false,"muted":false,"flaky":false,"message":"'Internet Presence' form isn't saved (1 failure)\n\tGitHub link isn't saved ==> expected: <true> but was: <false>","trace":"org.opentest4j.MultipleFailuresError: 'Internet Presence' form isn't saved (1 failure)\n\tGitHub link isn't saved ==> expected: <true> but was: <false>\n\tat org.junit.jupiter.api.AssertAll.assertAll(AssertAll.java:79)\n\tat org.junit.jupiter.api.AssertAll.assertAll(AssertAll.java:45)\n\tat org.junit.jupiter.api.Assertions.assertAll(Assertions.java:1077)\n\tat tests.AccountSettingsTests.canEditInternetPresenceForm(AccountSettingsTests.java:99)\n\tat sun.reflect.NativeMethodAccessorImpl.invoke0(Native Method)\n\tat sun.reflect.NativeMethodAccessorImpl.invoke(NativeMethodAccessorImpl.java:62)\n\tat sun.reflect.DelegatingMethodAccessorImpl.invoke(DelegatingMethodAccessorImpl.java:43)\n\tat java.lang.reflect.Method.invoke(Method.java:498)\n\tat org.junit.platform.commons.util.ReflectionUtils.invokeMethod(ReflectionUtils.java:513)\n\tat org.junit.jupiter.engine.execution.ExecutableInvoker.invoke(ExecutableInvoker.java:115)\n\tat org.junit.jupiter.engine.descriptor.TestMethodTestDescriptor.lambda$invokeTestMethod$6(TestMethodTestDescriptor.java:170)\n\tat org.junit.jupiter.engine.execution.ThrowableCollector.execute(ThrowableCollector.java:40)\n\tat org.junit.jupiter.engine.descriptor.TestMethodTestDescriptor.invokeTestMethod(TestMethodTestDescriptor.java:166)\n\tat org.junit.jupiter.engine.descriptor.TestMethodTestDescriptor.execute(TestMethodTestDescriptor.java:113)\n\tat org.junit.jupiter.engine.descriptor.TestMethodTestDescriptor.execute(TestMethodTestDescriptor.java:58)\n\tat org.junit.platform.engine.support.hierarchical.HierarchicalTestExecutor$NodeExecutor.lambda$executeRecursively$3(HierarchicalTestExecutor.java:113)\n\tat org.junit.platform.engine.support.hierarchical.SingleTestExecutor.executeSafely(SingleTestExecutor.java:66)\n\tat org.junit.platform.engine.support.hierarchical.HierarchicalTestExecutor$NodeExecutor.executeRecursively(HierarchicalTestExecutor.java:108)\n\tat org.junit.platform.engine.support.hierarchical.HierarchicalTestExecutor$NodeExecutor.execute(HierarchicalTestExecutor.java:79)\n\tat org.junit.platform.engine.support.hierarchical.HierarchicalTestExecutor$NodeExecutor.lambda$executeRecursively$2(HierarchicalTestExecutor.java:121)\n\tat java.util.stream.ForEachOps$ForEachOp$OfRef.accept(ForEachOps.java:184)\n\tat java.util.stream.ReferencePipeline$2$1.accept(ReferencePipeline.java:175)\n\tat java.util.Iterator.forEachRemaining(Iterator.java:116)\n\tat java.util.Spliterators$IteratorSpliterator.forEachRemaining(Spliterators.java:1801)\n\tat java.util.stream.AbstractPipeline.copyInto(AbstractPipeline.java:481)\n\tat java.util.stream.AbstractPipeline.wrapAndCopyInto(AbstractPipeline.java:471)\n\tat java.util.stream.ForEachOps$ForEachOp.evaluateSequential(ForEachOps.java:151)\n\tat java.util.stream.ForEachOps$ForEachOp$OfRef.evaluateSequential(ForEachOps.java:174)\n\tat java.util.stream.AbstractPipeline.evaluate(AbstractPipeline.java:234)\n\tat java.util.stream.ReferencePipeline.forEach(ReferencePipeline.java:418)\n\tat org.junit.platform.engine.support.hierarchical.HierarchicalTestExecutor$NodeExecutor.lambda$executeRecursively$3(HierarchicalTestExecutor.java:121)\n\tat org.junit.platform.engine.support.hierarchical.SingleTestExecutor.executeSafely(SingleTestExecutor.java:66)\n\tat org.junit.platform.engine.support.hierarchical.HierarchicalTestExecutor$NodeExecutor.executeRecursively(HierarchicalTestExecutor.java:108)\n\tat org.junit.platform.engine.support.hierarchical.HierarchicalTestExecutor$NodeExecutor.execute(HierarchicalTestExecutor.java:79)\n\tat org.junit.platform.engine.support.hierarchical.HierarchicalTestExecutor$NodeExecutor.lambda$executeRecursively$2(HierarchicalTestExecutor.java:121)\n\tat java.util.stream.ForEachOps$ForEachOp$OfRef.accept(ForEachOps.java:184)\n\tat java.util.stream.ReferencePipeline$2$1.accept(ReferencePipeline.java:175)\n\tat java.util.Iterator.forEachRemaining(Iterator.java:116)\n\tat java.util.Spliterators$IteratorSpliterator.forEachRemaining(Spliterators.java:1801)\n\tat java.util.stream.AbstractPipeline.copyInto(AbstractPipeline.java:481)\n\tat java.util.stream.AbstractPipeline.wrapAndCopyInto(AbstractPipeline.java:471)\n\tat java.util.stream.ForEachOps$ForEachOp.evaluateSequential(ForEachOps.java:151)\n\tat java.util.stream.ForEachOps$ForEachOp$OfRef.evaluateSequential(ForEachOps.java:174)\n\tat java.util.stream.AbstractPipeline.evaluate(AbstractPipeline.java:234)\n\tat java.util.stream.ReferencePipeline.forEach(ReferencePipeline.java:418)\n\tat org.junit.platform.engine.support.hierarchical.HierarchicalTestExecutor$NodeExecutor.lambda$executeRecursively$3(HierarchicalTestExecutor.java:121)\n\tat org.junit.platform.engine.support.hierarchical.SingleTestExecutor.executeSafely(SingleTestExecutor.java:66)\n\tat org.junit.platform.engine.support.hierarchical.HierarchicalTestExecutor$NodeExecutor.executeRecursively(HierarchicalTestExecutor.java:108)\n\tat org.junit.platform.engine.support.hierarchical.HierarchicalTestExecutor$NodeExecutor.execute(HierarchicalTestExecutor.java:79)\n\tat org.junit.platform.engine.support.hierarchical.HierarchicalTestExecutor.execute(HierarchicalTestExecutor.java:55)\n\tat org.junit.platform.engine.support.hierarchical.HierarchicalTestEngine.execute(HierarchicalTestEngine.java:43)\n\tat org.junit.platform.launcher.core.DefaultLauncher.execute(DefaultLauncher.java:170)\n\tat org.junit.platform.launcher.core.DefaultLauncher.execute(DefaultLauncher.java:154)\n\tat org.junit.platform.launcher.core.DefaultLauncher.execute(DefaultLauncher.java:90)\n\tat org.junit.platform.surefire.provider.JUnitPlatformProvider.invokeAllTests(JUnitPlatformProvider.java:132)\n\tat org.junit.platform.surefire.provider.JUnitPlatformProvider.invoke(JUnitPlatformProvider.java:111)\n\tat org.apache.maven.surefire.booter.ForkedBooter.invokeProviderInSameClassLoader(ForkedBooter.java:379)\n\tat org.apache.maven.surefire.booter.ForkedBooter.runSuitesInProcess(ForkedBooter.java:340)\n\tat org.apache.maven.surefire.booter.ForkedBooter.execute(ForkedBooter.java:125)\n\tat org.apache.maven.surefire.booter.ForkedBooter.main(ForkedBooter.java:413)\n\tSuppressed: org.openqa.selenium.WebDriverException: java.net.SocketTimeoutException: timeout\nBuild info: version: '3.9.0', revision: '698b3178f0', time: '2018-02-05T14:26:55.441Z'\nSystem info: host: 'MBP-Eugeniya.lan', ip: 'fe80:0:0:0:10c8:f1fa:eca2:c900%en0', os.name: 'Mac OS X', os.arch: 'x86_64', os.version: '10.13.3', java.version: '1.8.0_131'\nDriver info: driver.version: RemoteWebDriver\n\t\tat org.openqa.selenium.remote.service.DriverCommandExecutor.execute(DriverCommandExecutor.java:92)\n\t\tat org.openqa.selenium.remote.RemoteWebDriver.execute(RemoteWebDriver.java:601)\n\t\tat org.openqa.selenium.remote.RemoteWebDriver.execute(RemoteWebDriver.java:658)\n\t\tat org.openqa.selenium.remote.RemoteWebDriver.getScreenshotAs(RemoteWebDriver.java:343)\n\t\tat infrastructure.AllureReportExtension.makeScreenshotOnFailure(AllureReportExtension.java:30)\n\t\tat infrastructure.AllureReportExtension.afterTestExecution(AllureReportExtension.java:23)\n\t\tat org.junit.jupiter.engine.descriptor.TestMethodTestDescriptor.lambda$invokeAfterTestExecutionCallbacks$7(TestMethodTestDescriptor.java:204)\n\t\tat org.junit.jupiter.engine.execution.ThrowableCollector.execute(ThrowableCollector.java:40)\n\t\tat org.junit.jupiter.engine.descriptor.TestMethodTestDescriptor.lambda$invokeAllAfterMethodsOrCallbacks$13(TestMethodTestDescriptor.java:229)\n\t\tat java.util.ArrayList.forEach(ArrayList.java:1249)\n\t\tat org.junit.jupiter.engine.descriptor.TestMethodTestDescriptor.invokeAllAfterMethodsOrCallbacks(TestMethodTestDescriptor.java:227)\n\t\tat org.junit.jupiter.engine.descriptor.TestMethodTestDescriptor.invokeAfterTestExecutionCallbacks(TestMethodTestDescriptor.java:203)\n\t\tat org.junit.jupiter.engine.descriptor.TestMethodTestDescriptor.execute(TestMethodTestDescriptor.java:115)\n\t\t... 46 more\n\tCaused by: java.net.SocketTimeoutException: timeout\n\t\tat okio.Okio$4.newTimeoutException(Okio.java:230)\n\t\tat okio.AsyncTimeout.exit(AsyncTimeout.java:285)\n\t\tat okio.AsyncTimeout$2.read(AsyncTimeout.java:241)\n\t\tat okio.RealBufferedSource.indexOf(RealBufferedSource.java:345)\n\t\tat okio.RealBufferedSource.readUtf8LineStrict(RealBufferedSource.java:217)\n\t\tat okhttp3.internal.http1.Http1Codec.readHeaderLine(Http1Codec.java:212)\n\t\tat okhttp3.internal.http1.Http1Codec.readResponseHeaders(Http1Codec.java:189)\n\t\tat okhttp3.internal.http.CallServerInterceptor.intercept(CallServerInterceptor.java:88)\n\t\tat okhttp3.internal.http.RealInterceptorChain.proceed(RealInterceptorChain.java:147)\n\t\tat okhttp3.internal.connection.ConnectInterceptor.intercept(ConnectInterceptor.java:45)\n\t\tat okhttp3.internal.http.RealInterceptorChain.proceed(RealInterceptorChain.java:147)\n\t\tat okhttp3.internal.http.RealInterceptorChain.proceed(RealInterceptorChain.java:121)\n\t\tat okhttp3.internal.cache.CacheInterceptor.intercept(CacheInterceptor.java:93)\n\t\tat okhttp3.internal.http.RealInterceptorChain.proceed(RealInterceptorChain.java:147)\n\t\tat okhttp3.internal.http.RealInterceptorChain.proceed(RealInterceptorChain.java:121)\n\t\tat okhttp3.internal.http.BridgeInterceptor.intercept(BridgeInterceptor.java:93)\n\t\tat okhttp3.internal.http.RealInterceptorChain.proceed(RealInterceptorChain.java:147)\n\t\tat okhttp3.internal.http.RetryAndFollowUpInterceptor.intercept(RetryAndFollowUpInterceptor.java:125)\n\t\tat okhttp3.internal.http.RealInterceptorChain.proceed(RealInterceptorChain.java:147)\n\t\tat okhttp3.internal.http.RealInterceptorChain.proceed(RealInterceptorChain.java:121)\n\t\tat okhttp3.RealCall.getResponseWithInterceptorChain(RealCall.java:200)\n\t\tat okhttp3.RealCall.execute(RealCall.java:77)\n\t\tat org.openqa.selenium.remote.internal.OkHttpClient.execute(OkHttpClient.java:97)\n\t\tat org.openqa.selenium.remote.internal.OkHttpClient.execute(OkHttpClient.java:47)\n\t\tat org.openqa.selenium.remote.HttpCommandExecutor.execute(HttpCommandExecutor.java:157)\n\t\tat org.openqa.selenium.remote.service.DriverCommandExecutor.execute(DriverCommandExecutor.java:83)\n\t\t... 58 more\n\tCaused by: java.net.SocketTimeoutException: Read timed out\n\t\tat java.net.SocketInputStream.socketRead0(Native Method)\n\t\tat java.net.SocketInputStream.socketRead(SocketInputStream.java:116)\n\t\tat java.net.SocketInputStream.read(SocketInputStream.java:171)\n\t\tat java.net.SocketInputStream.read(SocketInputStream.java:141)\n\t\tat okio.Okio$2.read(Okio.java:139)\n\t\tat okio.AsyncTimeout$2.read(AsyncTimeout.java:237)\n\t\t... 81 more\n"},"stage":"finished","start":1528804423478,"stop":1528804451239,"steps":[{"name":"Open Account Settings page","status":"passed","stage":"finished","start":1528804423479,"stop":1528804428900},{"name":"Enter Github URL (https://github.com/kruchok)","status":"passed","stage":"finished","start":1528804428902,"stop":1528804429886,"parameters":[{"name":"githubURL","value":"https://github.com/kruchok"}]},{"name":"Enter Linkedin (https://www.linkedin.com/)","status":"passed","stage":"finished","start":1528804429886,"stop":1528804430704,"parameters":[{"name":"linkedin","value":"https://www.linkedin.com/"}]},{"name":"Enter Twitter (https://twitter.com/)","status":"passed","stage":"finished","start":1528804430705,"stop":1528804431243,"parameters":[{"name":"twitter","value":"https://twitter.com/"}]},{"name":"Enter Website (https://www.freecodecamp.org/)","status":"passed","stage":"finished","start":1528804431243,"stop":1528804431969,"parameters":[{"name":"website","value":"https://www.freecodecamp.org/"}]},{"name":"Save 'Internet Presence' form","status":"passed","stage":"finished","start":1528804431969,"stop":1528804437166},{"name":"Verify that 'We have successfully updated your account.' message appears","status":"passed","stage":"finished","start":1528804437169,"stop":1528804440835,"parameters":[{"name":"message","value":"We have successfully updated your account."}]},{"name":"Verify that Github is hhfhfha","status":"passed","stage":"finished","start":1528804440835,"stop":1528804441226,"parameters":[{"name":"github","value":"hhfhfha"}]}]}