{"uuid":"bc1c13a3-8dcb-4847-8578-520ddf87dbda","historyId":"8ca505af1f8edd3ed8cbccd77aaaea63","labels":[{"name":"suite","value":"tests.AccountSettingsTests"},{"name":"package","value":"tests.AccountSettingsTests"}],"name":"User can change Username","status":"broken","statusDetails":{"known":false,"muted":false,"flaky":false,"message":"unknown error: Element <button disabled=\"\" type=\"submit\" class=\"btn btn-lg btn-primary btn-block\">...</button> is not clickable at point (928, 514). Other element would receive the click: <div class=\"col-sm-2 col-xs-12\">...</div>\n  (Session info: chrome=64.0.3282.186)\n  (Driver info: chromedriver=2.36.540469 (1881fd7f8641508feb5166b7cae561d87723cfa8),platform=Mac OS X 10.13.3 x86_64) (WARNING: The server did not provide any stacktrace information)\nCommand duration or timeout: 43 milliseconds\nBuild info: version: '3.4.0', revision: 'unknown', time: 'unknown'\nSystem info: host: 'MacBook-Pro-Eugeniya.local', ip: 'fe80:0:0:0:1cd7:6cab:4443:d788%en0', os.name: 'Mac OS X', os.arch: 'x86_64', os.version: '10.13.3', java.version: '1.8.0_131'\nDriver info: org.openqa.selenium.chrome.ChromeDriver\nCapabilities [{applicationCacheEnabled=false, rotatable=false, mobileEmulationEnabled=false, networkConnectionEnabled=false, chrome={chromedriverVersion=2.36.540469 (1881fd7f8641508feb5166b7cae561d87723cfa8), userDataDir=/var/folders/1l/xjl79wc52qsb8csgztshxyy40000gn/T/.org.chromium.Chromium.rw1lXi}, takesHeapSnapshot=true, pageLoadStrategy=normal, databaseEnabled=false, handlesAlerts=true, hasTouchScreen=false, version=64.0.3282.186, platform=MAC, browserConnectionEnabled=false, nativeEvents=true, acceptSslCerts=false, acceptInsecureCerts=false, locationContextEnabled=true, webStorageEnabled=true, browserName=chrome, takesScreenshot=true, javascriptEnabled=true, cssSelectorsEnabled=true, setWindowRect=true, unexpectedAlertBehaviour=}]\nSession ID: 993fb128f3f634363234f51d9fb16e6e","trace":"org.openqa.selenium.WebDriverException: unknown error: Element <button disabled=\"\" type=\"submit\" class=\"btn btn-lg btn-primary btn-block\">...</button> is not clickable at point (928, 514). Other element would receive the click: <div class=\"col-sm-2 col-xs-12\">...</div>\n  (Session info: chrome=64.0.3282.186)\n  (Driver info: chromedriver=2.36.540469 (1881fd7f8641508feb5166b7cae561d87723cfa8),platform=Mac OS X 10.13.3 x86_64) (WARNING: The server did not provide any stacktrace information)\nCommand duration or timeout: 43 milliseconds\nBuild info: version: '3.4.0', revision: 'unknown', time: 'unknown'\nSystem info: host: 'MacBook-Pro-Eugeniya.local', ip: 'fe80:0:0:0:1cd7:6cab:4443:d788%en0', os.name: 'Mac OS X', os.arch: 'x86_64', os.version: '10.13.3', java.version: '1.8.0_131'\nDriver info: org.openqa.selenium.chrome.ChromeDriver\nCapabilities [{applicationCacheEnabled=false, rotatable=false, mobileEmulationEnabled=false, networkConnectionEnabled=false, chrome={chromedriverVersion=2.36.540469 (1881fd7f8641508feb5166b7cae561d87723cfa8), userDataDir=/var/folders/1l/xjl79wc52qsb8csgztshxyy40000gn/T/.org.chromium.Chromium.rw1lXi}, takesHeapSnapshot=true, pageLoadStrategy=normal, databaseEnabled=false, handlesAlerts=true, hasTouchScreen=false, version=64.0.3282.186, platform=MAC, browserConnectionEnabled=false, nativeEvents=true, acceptSslCerts=false, acceptInsecureCerts=false, locationContextEnabled=true, webStorageEnabled=true, browserName=chrome, takesScreenshot=true, javascriptEnabled=true, cssSelectorsEnabled=true, setWindowRect=true, unexpectedAlertBehaviour=}]\nSession ID: 993fb128f3f634363234f51d9fb16e6e\n\tat sun.reflect.NativeConstructorAccessorImpl.newInstance0(Native Method)\n\tat sun.reflect.NativeConstructorAccessorImpl.newInstance(NativeConstructorAccessorImpl.java:62)\n\tat sun.reflect.DelegatingConstructorAccessorImpl.newInstance(DelegatingConstructorAccessorImpl.java:45)\n\tat java.lang.reflect.Constructor.newInstance(Constructor.java:423)\n\tat org.openqa.selenium.remote.ErrorHandler.createThrowable(ErrorHandler.java:215)\n\tat org.openqa.selenium.remote.ErrorHandler.throwIfResponseFailed(ErrorHandler.java:167)\n\tat org.openqa.selenium.remote.RemoteWebDriver.execute(RemoteWebDriver.java:671)\n\tat org.openqa.selenium.remote.RemoteWebElement.execute(RemoteWebElement.java:272)\n\tat org.openqa.selenium.remote.RemoteWebElement.click(RemoteWebElement.java:82)\n\tat sun.reflect.NativeMethodAccessorImpl.invoke0(Native Method)\n\tat sun.reflect.NativeMethodAccessorImpl.invoke(NativeMethodAccessorImpl.java:62)\n\tat sun.reflect.DelegatingMethodAccessorImpl.invoke(DelegatingMethodAccessorImpl.java:43)\n\tat java.lang.reflect.Method.invoke(Method.java:498)\n\tat org.openqa.selenium.support.pagefactory.internal.LocatingElementHandler.invoke(LocatingElementHandler.java:51)\n\tat com.sun.proxy.$Proxy15.click(Unknown Source)\n\tat pages.AccountSettingsPage$UsernameCommand.clickSaveButton_aroundBody0(AccountSettingsPage.java:85)\n\tat pages.AccountSettingsPage$UsernameCommand$AjcClosure1.run(AccountSettingsPage.java:1)\n\tat org.aspectj.runtime.reflect.JoinPointImpl.proceed(JoinPointImpl.java:149)\n\tat io.qameta.allure.aspects.StepsAspects.step(StepsAspects.java:46)\n\tat pages.AccountSettingsPage$UsernameCommand.clickSaveButton(AccountSettingsPage.java:85)\n\tat tests.AccountSettingsTests.canChangeUsername(AccountSettingsTests.java:40)\n\tat sun.reflect.NativeMethodAccessorImpl.invoke0(Native Method)\n\tat sun.reflect.NativeMethodAccessorImpl.invoke(NativeMethodAccessorImpl.java:62)\n\tat sun.reflect.DelegatingMethodAccessorImpl.invoke(DelegatingMethodAccessorImpl.java:43)\n\tat java.lang.reflect.Method.invoke(Method.java:498)\n\tat org.junit.platform.commons.util.ReflectionUtils.invokeMethod(ReflectionUtils.java:316)\n\tat org.junit.jupiter.engine.execution.ExecutableInvoker.invoke(ExecutableInvoker.java:114)\n\tat org.junit.jupiter.engine.descriptor.MethodTestDescriptor.lambda$invokeTestMethod$6(MethodTestDescriptor.java:171)\n\tat org.junit.jupiter.engine.execution.ThrowableCollector.execute(ThrowableCollector.java:40)\n\tat org.junit.jupiter.engine.descriptor.MethodTestDescriptor.invokeTestMethod(MethodTestDescriptor.java:168)\n\tat org.junit.jupiter.engine.descriptor.MethodTestDescriptor.execute(MethodTestDescriptor.java:115)\n\tat org.junit.jupiter.engine.descriptor.MethodTestDescriptor.execute(MethodTestDescriptor.java:57)\n\tat org.junit.platform.engine.support.hierarchical.HierarchicalTestExecutor.lambda$execute$1(HierarchicalTestExecutor.java:81)\n\tat org.junit.platform.engine.support.hierarchical.SingleTestExecutor.executeSafely(SingleTestExecutor.java:66)\n\tat org.junit.platform.engine.support.hierarchical.HierarchicalTestExecutor.execute(HierarchicalTestExecutor.java:76)\n\tat org.junit.platform.engine.support.hierarchical.HierarchicalTestExecutor.lambda$execute$1(HierarchicalTestExecutor.java:91)\n\tat org.junit.platform.engine.support.hierarchical.SingleTestExecutor.executeSafely(SingleTestExecutor.java:66)\n\tat org.junit.platform.engine.support.hierarchical.HierarchicalTestExecutor.execute(HierarchicalTestExecutor.java:76)\n\tat org.junit.platform.engine.support.hierarchical.HierarchicalTestExecutor.lambda$execute$1(HierarchicalTestExecutor.java:91)\n\tat org.junit.platform.engine.support.hierarchical.SingleTestExecutor.executeSafely(SingleTestExecutor.java:66)\n\tat org.junit.platform.engine.support.hierarchical.HierarchicalTestExecutor.execute(HierarchicalTestExecutor.java:76)\n\tat org.junit.platform.engine.support.hierarchical.HierarchicalTestExecutor.execute(HierarchicalTestExecutor.java:51)\n\tat org.junit.platform.engine.support.hierarchical.HierarchicalTestEngine.execute(HierarchicalTestEngine.java:43)\n\tat org.junit.platform.launcher.core.DefaultLauncher.execute(DefaultLauncher.java:137)\n\tat org.junit.platform.launcher.core.DefaultLauncher.execute(DefaultLauncher.java:87)\n\tat org.junit.platform.launcher.Launcher.execute(Launcher.java:93)\n\tat com.intellij.junit5.JUnit5IdeaTestRunner.startRunnerWithArgs(JUnit5IdeaTestRunner.java:61)\n\tat com.intellij.rt.execution.junit.IdeaTestRunner$Repeater.startRunnerWithArgs(IdeaTestRunner.java:51)\n\tat com.intellij.rt.execution.junit.JUnitStarter.prepareStreamsAndStart(JUnitStarter.java:242)\n\tat com.intellij.rt.execution.junit.JUnitStarter.main(JUnitStarter.java:70)\n"},"stage":"finished","start":1520407205352,"stop":1520407209041,"steps":[{"name":"Open Account Settings page","status":"passed","stage":"finished","start":1520407205370,"stop":1520407208450},{"name":"Enter John99 into Username field","status":"passed","stage":"finished","start":1520407208484,"stop":1520407208928,"parameters":[{"name":"username","value":"John99"}]},{"name":"Click 'Save' button","status":"broken","statusDetails":{"known":false,"muted":false,"flaky":false,"message":"unknown error: Element <button disabled=\"\" type=\"submit\" class=\"btn btn-lg btn-primary btn-block\">...</button> is not clickable at point (928, 514). Other element would receive the click: <div class=\"col-sm-2 col-xs-12\">...</div>\n  (Session info: chrome=64.0.3282.186)\n  (Driver info: chromedriver=2.36.540469 (1881fd7f8641508feb5166b7cae561d87723cfa8),platform=Mac OS X 10.13.3 x86_64) (WARNING: The server did not provide any stacktrace information)\nCommand duration or timeout: 43 milliseconds\nBuild info: version: '3.4.0', revision: 'unknown', time: 'unknown'\nSystem info: host: 'MacBook-Pro-Eugeniya.local', ip: 'fe80:0:0:0:1cd7:6cab:4443:d788%en0', os.name: 'Mac OS X', os.arch: 'x86_64', os.version: '10.13.3', java.version: '1.8.0_131'\nDriver info: org.openqa.selenium.chrome.ChromeDriver\nCapabilities [{applicationCacheEnabled=false, rotatable=false, mobileEmulationEnabled=false, networkConnectionEnabled=false, chrome={chromedriverVersion=2.36.540469 (1881fd7f8641508feb5166b7cae561d87723cfa8), userDataDir=/var/folders/1l/xjl79wc52qsb8csgztshxyy40000gn/T/.org.chromium.Chromium.rw1lXi}, takesHeapSnapshot=true, pageLoadStrategy=normal, databaseEnabled=false, handlesAlerts=true, hasTouchScreen=false, version=64.0.3282.186, platform=MAC, browserConnectionEnabled=false, nativeEvents=true, acceptSslCerts=false, acceptInsecureCerts=false, locationContextEnabled=true, webStorageEnabled=true, browserName=chrome, takesScreenshot=true, javascriptEnabled=true, cssSelectorsEnabled=true, setWindowRect=true, unexpectedAlertBehaviour=}]\nSession ID: 993fb128f3f634363234f51d9fb16e6e","trace":"org.openqa.selenium.WebDriverException: unknown error: Element <button disabled=\"\" type=\"submit\" class=\"btn btn-lg btn-primary btn-block\">...</button> is not clickable at point (928, 514). Other element would receive the click: <div class=\"col-sm-2 col-xs-12\">...</div>\n  (Session info: chrome=64.0.3282.186)\n  (Driver info: chromedriver=2.36.540469 (1881fd7f8641508feb5166b7cae561d87723cfa8),platform=Mac OS X 10.13.3 x86_64) (WARNING: The server did not provide any stacktrace information)\nCommand duration or timeout: 43 milliseconds\nBuild info: version: '3.4.0', revision: 'unknown', time: 'unknown'\nSystem info: host: 'MacBook-Pro-Eugeniya.local', ip: 'fe80:0:0:0:1cd7:6cab:4443:d788%en0', os.name: 'Mac OS X', os.arch: 'x86_64', os.version: '10.13.3', java.version: '1.8.0_131'\nDriver info: org.openqa.selenium.chrome.ChromeDriver\nCapabilities [{applicationCacheEnabled=false, rotatable=false, mobileEmulationEnabled=false, networkConnectionEnabled=false, chrome={chromedriverVersion=2.36.540469 (1881fd7f8641508feb5166b7cae561d87723cfa8), userDataDir=/var/folders/1l/xjl79wc52qsb8csgztshxyy40000gn/T/.org.chromium.Chromium.rw1lXi}, takesHeapSnapshot=true, pageLoadStrategy=normal, databaseEnabled=false, handlesAlerts=true, hasTouchScreen=false, version=64.0.3282.186, platform=MAC, browserConnectionEnabled=false, nativeEvents=true, acceptSslCerts=false, acceptInsecureCerts=false, locationContextEnabled=true, webStorageEnabled=true, browserName=chrome, takesScreenshot=true, javascriptEnabled=true, cssSelectorsEnabled=true, setWindowRect=true, unexpectedAlertBehaviour=}]\nSession ID: 993fb128f3f634363234f51d9fb16e6e\n\tat sun.reflect.NativeConstructorAccessorImpl.newInstance0(Native Method)\n\tat sun.reflect.NativeConstructorAccessorImpl.newInstance(NativeConstructorAccessorImpl.java:62)\n\tat sun.reflect.DelegatingConstructorAccessorImpl.newInstance(DelegatingConstructorAccessorImpl.java:45)\n\tat java.lang.reflect.Constructor.newInstance(Constructor.java:423)\n\tat org.openqa.selenium.remote.ErrorHandler.createThrowable(ErrorHandler.java:215)\n\tat org.openqa.selenium.remote.ErrorHandler.throwIfResponseFailed(ErrorHandler.java:167)\n\tat org.openqa.selenium.remote.RemoteWebDriver.execute(RemoteWebDriver.java:671)\n\tat org.openqa.selenium.remote.RemoteWebElement.execute(RemoteWebElement.java:272)\n\tat org.openqa.selenium.remote.RemoteWebElement.click(RemoteWebElement.java:82)\n\tat sun.reflect.NativeMethodAccessorImpl.invoke0(Native Method)\n\tat sun.reflect.NativeMethodAccessorImpl.invoke(NativeMethodAccessorImpl.java:62)\n\tat sun.reflect.DelegatingMethodAccessorImpl.invoke(DelegatingMethodAccessorImpl.java:43)\n\tat java.lang.reflect.Method.invoke(Method.java:498)\n\tat org.openqa.selenium.support.pagefactory.internal.LocatingElementHandler.invoke(LocatingElementHandler.java:51)\n\tat com.sun.proxy.$Proxy15.click(Unknown Source)\n\tat pages.AccountSettingsPage$UsernameCommand.clickSaveButton_aroundBody0(AccountSettingsPage.java:85)\n\tat pages.AccountSettingsPage$UsernameCommand$AjcClosure1.run(AccountSettingsPage.java:1)\n\tat org.aspectj.runtime.reflect.JoinPointImpl.proceed(JoinPointImpl.java:149)\n\tat io.qameta.allure.aspects.StepsAspects.step(StepsAspects.java:46)\n\tat pages.AccountSettingsPage$UsernameCommand.clickSaveButton(AccountSettingsPage.java:85)\n\tat tests.AccountSettingsTests.canChangeUsername(AccountSettingsTests.java:40)\n\tat sun.reflect.NativeMethodAccessorImpl.invoke0(Native Method)\n\tat sun.reflect.NativeMethodAccessorImpl.invoke(NativeMethodAccessorImpl.java:62)\n\tat sun.reflect.DelegatingMethodAccessorImpl.invoke(DelegatingMethodAccessorImpl.java:43)\n\tat java.lang.reflect.Method.invoke(Method.java:498)\n\tat org.junit.platform.commons.util.ReflectionUtils.invokeMethod(ReflectionUtils.java:316)\n\tat org.junit.jupiter.engine.execution.ExecutableInvoker.invoke(ExecutableInvoker.java:114)\n\tat org.junit.jupiter.engine.descriptor.MethodTestDescriptor.lambda$invokeTestMethod$6(MethodTestDescriptor.java:171)\n\tat org.junit.jupiter.engine.execution.ThrowableCollector.execute(ThrowableCollector.java:40)\n\tat org.junit.jupiter.engine.descriptor.MethodTestDescriptor.invokeTestMethod(MethodTestDescriptor.java:168)\n\tat org.junit.jupiter.engine.descriptor.MethodTestDescriptor.execute(MethodTestDescriptor.java:115)\n\tat org.junit.jupiter.engine.descriptor.MethodTestDescriptor.execute(MethodTestDescriptor.java:57)\n\tat org.junit.platform.engine.support.hierarchical.HierarchicalTestExecutor.lambda$execute$1(HierarchicalTestExecutor.java:81)\n\tat org.junit.platform.engine.support.hierarchical.SingleTestExecutor.executeSafely(SingleTestExecutor.java:66)\n\tat org.junit.platform.engine.support.hierarchical.HierarchicalTestExecutor.execute(HierarchicalTestExecutor.java:76)\n\tat org.junit.platform.engine.support.hierarchical.HierarchicalTestExecutor.lambda$execute$1(HierarchicalTestExecutor.java:91)\n\tat org.junit.platform.engine.support.hierarchical.SingleTestExecutor.executeSafely(SingleTestExecutor.java:66)\n\tat org.junit.platform.engine.support.hierarchical.HierarchicalTestExecutor.execute(HierarchicalTestExecutor.java:76)\n\tat org.junit.platform.engine.support.hierarchical.HierarchicalTestExecutor.lambda$execute$1(HierarchicalTestExecutor.java:91)\n\tat org.junit.platform.engine.support.hierarchical.SingleTestExecutor.executeSafely(SingleTestExecutor.java:66)\n\tat org.junit.platform.engine.support.hierarchical.HierarchicalTestExecutor.execute(HierarchicalTestExecutor.java:76)\n\tat org.junit.platform.engine.support.hierarchical.HierarchicalTestExecutor.execute(HierarchicalTestExecutor.java:51)\n\tat org.junit.platform.engine.support.hierarchical.HierarchicalTestEngine.execute(HierarchicalTestEngine.java:43)\n\tat org.junit.platform.launcher.core.DefaultLauncher.execute(DefaultLauncher.java:137)\n\tat org.junit.platform.launcher.core.DefaultLauncher.execute(DefaultLauncher.java:87)\n\tat org.junit.platform.launcher.Launcher.execute(Launcher.java:93)\n\tat com.intellij.junit5.JUnit5IdeaTestRunner.startRunnerWithArgs(JUnit5IdeaTestRunner.java:61)\n\tat com.intellij.rt.execution.junit.IdeaTestRunner$Repeater.startRunnerWithArgs(IdeaTestRunner.java:51)\n\tat com.intellij.rt.execution.junit.JUnitStarter.prepareStreamsAndStart(JUnitStarter.java:242)\n\tat com.intellij.rt.execution.junit.JUnitStarter.main(JUnitStarter.java:70)\n"},"stage":"finished","start":1520407208928,"stop":1520407209026}]}