-------------------------------------------------------------------------------
Test set: tests.AccountSettingsTests
-------------------------------------------------------------------------------
Tests run: 1, Failures: 0, Errors: 1, Skipped: 0, Time elapsed: 1.974 s <<< FAILURE! - in tests.AccountSettingsTests
tests.AccountSettingsTests  Time elapsed: 1.974 s  <<< ERROR!
org.openqa.selenium.WebDriverException: 
Returned value cannot be converted to WebElement: {message=no such element: Unable to locate element: {"method":"css selector","selector":"input[type="email"]"}
  (Session info: chrome=66.0.3359.158)
  (Driver info: chromedriver=2.38.552518 (183d19265345f54ce39cbb94cf81ba5f15905011),platform=Mac OS X 10.13.5 x86_64)}
Build info: version: '3.12.0', revision: '7c6e0b3', time: '2018-05-08T14:04:26.12Z'
System info: host: 'MBP-Eugeniya.lan', ip: 'fe80:0:0:0:1497:42c3:5ae5:a0df%en0', os.name: 'Mac OS X', os.arch: 'x86_64', os.version: '10.13.5', java.version: '1.8.0_131'
Driver info: driver.version: AndroidDriver
	at tests.AccountSettingsTests.preconditionSetUp(AccountSettingsTests.java:36)
Caused by: java.lang.ClassCastException: com.google.common.collect.Maps$TransformedEntriesMap cannot be cast to org.openqa.selenium.WebElement
	at tests.AccountSettingsTests.preconditionSetUp(AccountSettingsTests.java:36)

